Build started 2016/1/12 16:18:41.
     1>Project "E:\VS2010\Workspace\GraphTest\GraphTest\GraphTest.vcxproj" on node 2 (build target(s)).
     1>InitializeBuildStatus:
         Touching "Release\GraphTest.unsuccessfulbuild".
       ClCompile:
         E:\VS2010\VC\bin\CL.exe /c /Zi /nologo /W3 /WX- /O2 /Oi /Oy- /GL /D _MBCS /Gm- /EHsc /MD /GS /Gy /fp:precise /Zc:wchar_t /Zc:forScope /Fo"Release\\" /Fd"Release\vc100.pdb" /Gd /TP /analyze- /errorReport:prompt GraphTesttt.cpp
         GraphTesttt.cpp
     1>e:\vs2010\workspace\graphtest\graphtest\GraMatrix.h(90): error C2065: 'E' : undeclared identifier
                 e:\vs2010\workspace\graphtest\graphtest\GraMatrix.h(85) : while compiling class template member function 'GraphMatrix<Tv,Te>::~GraphMatrix(void)'
                 with
                 [
                     Tv=int,
                     Te=char
                 ]
                 GraphTesttt.cpp(18) : see reference to class template instantiation 'GraphMatrix<Tv,Te>' being compiled
                 with
                 [
                     Tv=int,
                     Te=char
                 ]
     1>Done Building Project "E:\VS2010\Workspace\GraphTest\GraphTest\GraphTest.vcxproj" (build target(s)) -- FAILED.

Build FAILED.

Time Elapsed 00:00:00.30
